[1713979469.605][INFO]: Starting ChromeDriver 124.0.6367.78 (a087f2dd364ddd58b9c016ef1bf563d2bc138711-refs/branch-heads/6367@{#954}) on port 31442
[1713979469.606][INFO]: Please see https://chromedriver.chromium.org/security-considerations for suggestions on keeping ChromeDriver safe.
[1713979470.542][INFO]: [2fbcc3b18c7c52c6647209edd2790804] COMMAND InitSession {
   "capabilities": {
      "firstMatch": [ {
         "browserName": "chrome",
         "goog:chromeOptions": {
            "args": [  ],
            "extensions": [  ]
         },
         "goog:loggingPrefs": {
            "browser": "ALL",
            "driver": "ALL"
         }
      } ]
   }
}
[1713979470.543][INFO]: Browser search. Trying... C:\Users\91869\.cache\selenium\chromedriver\win64\124.0.6367.78\chrome.exe
[1713979470.543][INFO]: Browser search. Trying... C:\Users\91869\.cache\selenium\chromedriver\win64\124.0.6367.78\chrome.exe
[1713979470.543][INFO]: Browser search. Trying... C:\Users\91869\.cache\selenium\chromedriver\win64\124.0.6367.78\chromium.exe
[1713979470.548][INFO]: Browser search. Trying... C:\Users\91869\AppData\Local\Google\Chrome\Application\chrome.exe
[1713979470.548][INFO]: Browser search. Trying... C:\Program Files\Google\Chrome\Application\chrome.exe
[1713979470.548][INFO]: Browser search. Found at  C:\Program Files\Google\Chrome\Application\chrome.exe
[1713979470.549][INFO]: Populating Preferences file: {
   "alternate_error_pages": {
      "enabled": false
   },
   "autofill": {
      "enabled": false
   },
   "browser": {
      "check_default_browser": false
   },
   "distribution": {
      "import_bookmarks": false,
      "import_history": false,
      "import_search_engine": false,
      "make_chrome_default_for_user": false,
      "skip_first_run_ui": true
   },
   "dns_prefetching": {
      "enabled": false
   },
   "profile": {
      "content_settings": {
         "pattern_pairs": {
            "https://*,*": {
               "media-stream": {
                  "audio": "Default",
                  "video": "Default"
               }
            }
         }
      },
      "default_content_setting_values": {
         "geolocation": 1
      },
      "default_content_settings": {
         "geolocation": 1,
         "mouselock": 1,
         "notifications": 1,
         "popups": 1,
         "ppapi-broker": 1
      },
      "password_manager_enabled": false
   },
   "safebrowsing": {
      "enabled": false
   },
   "search": {
      "suggest_enabled": false
   },
   "translate": {
      "enabled": false
   }
}
[1713979470.550][INFO]: Populating Local State file: {
   "background_mode": {
      "enabled": false
   },
   "ssl": {
      "rev_checking": {
         "enabled": false
      }
   }
}
[1713979470.552][INFO]: ChromeDriver supports communication with Chrome via pipes. This is more reliable and more secure.
[1713979470.552][INFO]: Use the --remote-debugging-pipe Chrome switch instead of the default --remote-debugging-port to enable this communication mode.
[1713979470.584][INFO]: Launching chrome: "C:\Program Files\Google\Chrome\Application\chrome.exe" --allow-pre-commit-input --disable-background-networking --disable-backgrounding-occluded-windows --disable-client-side-phishing-detection --disable-default-apps --disable-hang-monitor --disable-popup-blocking --disable-prompt-on-repost --disable-sync --enable-automation --enable-logging --log-level=0 --no-first-run --no-service-autorun --password-store=basic --remote-debugging-port=0 --test-type=webdriver --use-mock-keychain --user-data-dir="C:\Users\91869\AppData\Local\Temp\scoped_dir7348_1865166140" data:,
[1713979477.756][INFO]: resolved localhost to ["::1","127.0.0.1"]
[1713979479.330][INFO]: [2fbcc3b18c7c52c6647209edd2790804] RESPONSE InitSession {
   "capabilities": {
      "acceptInsecureCerts": false,
      "browserName": "chrome",
      "browserVersion": "124.0.6367.61",
      "chrome": {
         "chromedriverVersion": "124.0.6367.78 (a087f2dd364ddd58b9c016ef1bf563d2bc138711-refs/branch-heads/6367@{#954})",
         "userDataDir": "C:\\Users\\91869\\AppData\\Local\\Temp\\scoped_dir7348_1865166140"
      },
      "fedcm:accounts": true,
      "goog:chromeOptions": {
         "debuggerAddress": "localhost:54211"
      },
      "networkConnectionEnabled": false,
      "pageLoadStrategy": "normal",
      "platformName": "windows",
      "proxy": {
      },
      "setWindowRect": true,
      "strictFileInteractability": false,
      "timeouts": {
         "implicit": 0,
         "pageLoad": 300000,
         "script": 30000
      },
      "unhandledPromptBehavior": "dismiss and notify",
      "webauthn:extension:credBlob": true,
      "webauthn:extension:largeBlob": true,
      "webauthn:extension:minPinLength": true,
      "webauthn:extension:prf": true,
      "webauthn:virtualAuthenticators": true
   },
   "sessionId": "2fbcc3b18c7c52c6647209edd2790804"
}
[1713979482.224][INFO]: [2fbcc3b18c7c52c6647209edd2790804] COMMAND MaximizeWindow {
}
[1713979482.224][INFO]: Waiting for pending navigations...
[1713979482.226][INFO]: Done waiting for pending navigations. Status: ok
[1713979482.264][INFO]: Waiting for pending navigations...
[1713979482.265][INFO]: Done waiting for pending navigations. Status: ok
[1713979482.265][INFO]: [2fbcc3b18c7c52c6647209edd2790804] RESPONSE MaximizeWindow {
   "height": 840,
   "width": 1552,
   "x": -8,
   "y": -8
}
[1713979482.278][INFO]: [2fbcc3b18c7c52c6647209edd2790804] COMMAND SetTimeouts {
   "implicit": 30000
}
[1713979482.279][INFO]: [2fbcc3b18c7c52c6647209edd2790804] RESPONSE SetTimeouts
[1713979482.289][INFO]: [2fbcc3b18c7c52c6647209edd2790804] COMMAND Navigate {
   "url": "https://www.leetcode.com/"
}
[1713979482.289][INFO]: Waiting for pending navigations...
[1713979482.291][INFO]: Done waiting for pending navigations. Status: ok
[1713979485.889][INFO]: Waiting for pending navigations...
[1713979490.286][INFO]: Done waiting for pending navigations. Status: ok
[1713979490.286][INFO]: [2fbcc3b18c7c52c6647209edd2790804] RESPONSE Navigate
[1713979490.291][INFO]: [2fbcc3b18c7c52c6647209edd2790804] COMMAND GetUrl {
}
[1713979490.292][INFO]: Waiting for pending navigations...
[1713979490.293][INFO]: Done waiting for pending navigations. Status: ok
[1713979490.298][INFO]: Waiting for pending navigations...
[1713979490.299][INFO]: Done waiting for pending navigations. Status: ok
[1713979490.299][INFO]: [2fbcc3b18c7c52c6647209edd2790804] RESPONSE GetUrl "https://leetcode.com/"
[1713979490.309][INFO]: [2fbcc3b18c7c52c6647209edd2790804] COMMAND Navigate {
   "url": "https://www.leetcode.com/"
}
[1713979490.309][INFO]: Waiting for pending navigations...
[1713979490.311][INFO]: Done waiting for pending navigations. Status: ok
[1713979491.369][INFO]: Waiting for pending navigations...
[1713979492.700][INFO]: Done waiting for pending navigations. Status: ok
[1713979492.700][INFO]: [2fbcc3b18c7c52c6647209edd2790804] RESPONSE Navigate
[1713979492.707][INFO]: [2fbcc3b18c7c52c6647209edd2790804] COMMAND FindElement {
   "using": "xpath",
   "value": "//a/p[text() ='View Questions ']"
}
[1713979492.707][INFO]: Waiting for pending navigations...
[1713979492.708][INFO]: Done waiting for pending navigations. Status: ok
[1713979492.732][INFO]: Waiting for pending navigations...
[1713979492.733][INFO]: Done waiting for pending navigations. Status: ok
[1713979492.733][INFO]: [2fbcc3b18c7c52c6647209edd2790804] RESPONSE FindElement {
   "element-6066-11e4-a52e-4f735466cecf": "f.0A49922E29339A00EE0C6F0B97282E20.d.A4DAEA5CE9739D1F989E090D76695CE0.e.18"
}
[1713979492.742][INFO]: [2fbcc3b18c7c52c6647209edd2790804] COMMAND ClickElement {
   "id": "f.0A49922E29339A00EE0C6F0B97282E20.d.A4DAEA5CE9739D1F989E090D76695CE0.e.18"
}
[1713979492.742][INFO]: Waiting for pending navigations...
[1713979492.743][INFO]: Done waiting for pending navigations. Status: ok
[1713979492.942][INFO]: Waiting for pending navigations...
[1713979525.464][INFO]: Done waiting for pending navigations. Status: ok
[1713979525.464][INFO]: [2fbcc3b18c7c52c6647209edd2790804] RESPONSE ClickElement
[1713979525.477][INFO]: [2fbcc3b18c7c52c6647209edd2790804] COMMAND GetUrl {
}
[1713979525.477][INFO]: Waiting for pending navigations...
[1713979526.214][INFO]: Done waiting for pending navigations. Status: ok
[1713979528.880][INFO]: Waiting for pending navigations...
[1713979529.168][INFO]: Done waiting for pending navigations. Status: ok
[1713979529.170][INFO]: [2fbcc3b18c7c52c6647209edd2790804] RESPONSE GetUrl "https://leetcode.com/problemset/"
[1713979529.197][INFO]: [2fbcc3b18c7c52c6647209edd2790804] COMMAND FindElement {
   "using": "xpath",
   "value": "(//div[@class='truncate']/a)[2]"
}
[1713979529.197][INFO]: Waiting for pending navigations...
[1713979529.211][INFO]: Done waiting for pending navigations. Status: ok
[1713979529.438][INFO]: Waiting for pending navigations...
[1713979529.784][INFO]: Done waiting for pending navigations. Status: ok
[1713979529.785][INFO]: [2fbcc3b18c7c52c6647209edd2790804] RESPONSE FindElement {
   "element-6066-11e4-a52e-4f735466cecf": "f.0A49922E29339A00EE0C6F0B97282E20.d.00CEE29AC0C627D4BC1B0154D5DA9FD6.e.40"
}
[1713979529.794][INFO]: [2fbcc3b18c7c52c6647209edd2790804] COMMAND GetElementText {
   "id": "f.0A49922E29339A00EE0C6F0B97282E20.d.00CEE29AC0C627D4BC1B0154D5DA9FD6.e.40"
}
[1713979529.794][INFO]: Waiting for pending navigations...
[1713979530.078][INFO]: Done waiting for pending navigations. Status: ok
[1713979530.413][INFO]: Waiting for pending navigations...
[1713979530.710][INFO]: Done waiting for pending navigations. Status: ok
[1713979530.710][INFO]: [2fbcc3b18c7c52c6647209edd2790804] RESPONSE GetElementText "1. Two Sum"
[1713979530.733][INFO]: [2fbcc3b18c7c52c6647209edd2790804] COMMAND ClickElement {
   "id": "f.0A49922E29339A00EE0C6F0B97282E20.d.00CEE29AC0C627D4BC1B0154D5DA9FD6.e.40"
}
[1713979530.733][INFO]: Waiting for pending navigations...
[1713979531.220][INFO]: Done waiting for pending navigations. Status: ok
[1713979531.817][INFO]: Waiting for pending navigations...
[1713979535.365][INFO]: Done waiting for pending navigations. Status: ok
[1713979535.365][INFO]: [2fbcc3b18c7c52c6647209edd2790804] RESPONSE ClickElement
[1713979544.562][INFO]: [2fbcc3b18c7c52c6647209edd2790804] COMMAND GetTitle {
}
[1713979544.563][INFO]: Waiting for pending navigations...
[1713979547.143][INFO]: Done waiting for pending navigations. Status: ok
[1713979550.346][INFO]: Waiting for pending navigations...
[1713979550.377][INFO]: Done waiting for pending navigations. Status: ok
[1713979550.377][INFO]: [2fbcc3b18c7c52c6647209edd2790804] RESPONSE GetTitle "Two Sum - LeetCode"
[1713979560.461][INFO]: [2fbcc3b18c7c52c6647209edd2790804] COMMAND GoBack {
}
[1713979560.461][INFO]: Waiting for pending navigations...
[1713979560.463][INFO]: Done waiting for pending navigations. Status: ok
[1713979560.505][INFO]: Waiting for pending navigations...
[1713979564.048][INFO]: Done waiting for pending navigations. Status: ok
[1713979564.048][INFO]: [2fbcc3b18c7c52c6647209edd2790804] RESPONSE GoBack
[1713979569.068][INFO]: [2fbcc3b18c7c52c6647209edd2790804] COMMAND FindElement {
   "using": "xpath",
   "value": "(//div[@class='truncate']/a)[3]"
}
[1713979569.068][INFO]: Waiting for pending navigations...
[1713979569.070][INFO]: Done waiting for pending navigations. Status: ok
[1713979569.105][INFO]: Waiting for pending navigations...
[1713979569.107][INFO]: Done waiting for pending navigations. Status: ok
[1713979569.107][INFO]: [2fbcc3b18c7c52c6647209edd2790804] RESPONSE FindElement {
   "element-6066-11e4-a52e-4f735466cecf": "f.0A49922E29339A00EE0C6F0B97282E20.d.6020ED23A4D616133C55B4E48431624C.e.97"
}
[1713979569.117][INFO]: [2fbcc3b18c7c52c6647209edd2790804] COMMAND GetElementText {
   "id": "f.0A49922E29339A00EE0C6F0B97282E20.d.6020ED23A4D616133C55B4E48431624C.e.97"
}
[1713979569.117][INFO]: Waiting for pending navigations...
[1713979569.119][INFO]: Done waiting for pending navigations. Status: ok
[1713979569.139][INFO]: Waiting for pending navigations...
[1713979569.141][INFO]: Done waiting for pending navigations. Status: ok
[1713979569.141][INFO]: [2fbcc3b18c7c52c6647209edd2790804] RESPONSE GetElementText "2. Add Two Numbers"
[1713979569.152][INFO]: [2fbcc3b18c7c52c6647209edd2790804] COMMAND ClickElement {
   "id": "f.0A49922E29339A00EE0C6F0B97282E20.d.6020ED23A4D616133C55B4E48431624C.e.97"
}
[1713979569.152][INFO]: Waiting for pending navigations...
[1713979569.154][INFO]: Done waiting for pending navigations. Status: ok
[1713979569.363][INFO]: Waiting for pending navigations...
[1713979571.326][INFO]: Done waiting for pending navigations. Status: ok
[1713979571.326][INFO]: [2fbcc3b18c7c52c6647209edd2790804] RESPONSE ClickElement
[1713979576.344][INFO]: [2fbcc3b18c7c52c6647209edd2790804] COMMAND GetTitle {
}
[1713979576.345][INFO]: Waiting for pending navigations...
[1713979579.685][INFO]: Done waiting for pending navigations. Status: ok
[1713979582.280][INFO]: Waiting for pending navigations...
[1713979582.304][INFO]: Done waiting for pending navigations. Status: ok
[1713979582.304][INFO]: [2fbcc3b18c7c52c6647209edd2790804] RESPONSE GetTitle "Add Two Numbers - LeetCode"
[1713979592.327][INFO]: [2fbcc3b18c7c52c6647209edd2790804] COMMAND GoBack {
}
[1713979592.327][INFO]: Waiting for pending navigations...
[1713979592.329][INFO]: Done waiting for pending navigations. Status: ok
[1713979592.342][INFO]: Waiting for pending navigations...
[1713979600.616][INFO]: Done waiting for pending navigations. Status: ok
[1713979600.616][INFO]: [2fbcc3b18c7c52c6647209edd2790804] RESPONSE GoBack
[1713979605.648][INFO]: [2fbcc3b18c7c52c6647209edd2790804] COMMAND FindElement {
   "using": "xpath",
   "value": "(//div[@class='truncate']/a)[4]"
}
[1713979605.648][INFO]: Waiting for pending navigations...
[1713979606.052][INFO]: Done waiting for pending navigations. Status: ok
[1713979609.490][INFO]: Waiting for pending navigations...
[1713979610.603][INFO]: Done waiting for pending navigations. Status: ok
[1713979610.603][INFO]: [2fbcc3b18c7c52c6647209edd2790804] RESPONSE FindElement {
   "element-6066-11e4-a52e-4f735466cecf": "f.0A49922E29339A00EE0C6F0B97282E20.d.6DA0EDD4F2913ADCDBB0FACFD9C30C12.e.157"
}
[1713979610.609][INFO]: [2fbcc3b18c7c52c6647209edd2790804] COMMAND GetElementText {
   "id": "f.0A49922E29339A00EE0C6F0B97282E20.d.6DA0EDD4F2913ADCDBB0FACFD9C30C12.e.157"
}
[1713979610.609][INFO]: Waiting for pending navigations...
[1713979610.670][INFO]: Done waiting for pending navigations. Status: ok
[1713979611.115][INFO]: Waiting for pending navigations...
[1713979611.120][INFO]: Done waiting for pending navigations. Status: ok
[1713979611.120][INFO]: [2fbcc3b18c7c52c6647209edd2790804] RESPONSE GetElementText "3. Longest Substring Without Repeating Characters"
[1713979611.132][INFO]: [2fbcc3b18c7c52c6647209edd2790804] COMMAND ClickElement {
   "id": "f.0A49922E29339A00EE0C6F0B97282E20.d.6DA0EDD4F2913ADCDBB0FACFD9C30C12.e.157"
}
[1713979611.132][INFO]: Waiting for pending navigations...
[1713979611.146][INFO]: Done waiting for pending navigations. Status: ok
[1713979612.022][INFO]: Waiting for pending navigations...
[1713979614.248][INFO]: Done waiting for pending navigations. Status: ok
[1713979614.248][INFO]: [2fbcc3b18c7c52c6647209edd2790804] RESPONSE ClickElement
[1713979619.350][INFO]: [2fbcc3b18c7c52c6647209edd2790804] COMMAND GetTitle {
}
[1713979619.350][INFO]: Waiting for pending navigations...
[1713979620.196][INFO]: Done waiting for pending navigations. Status: ok
[1713979620.230][INFO]: Waiting for pending navigations...
[1713979620.233][INFO]: Done waiting for pending navigations. Status: ok
[1713979620.234][INFO]: [2fbcc3b18c7c52c6647209edd2790804] RESPONSE GetTitle "Longest Substring Without Repeating Characters - LeetCode"
[1713979630.246][INFO]: [2fbcc3b18c7c52c6647209edd2790804] COMMAND GoBack {
}
[1713979630.247][INFO]: Waiting for pending navigations...
[1713979630.248][INFO]: Done waiting for pending navigations. Status: ok
[1713979630.273][INFO]: Waiting for pending navigations...
[1713979633.423][INFO]: Done waiting for pending navigations. Status: ok
[1713979633.424][INFO]: [2fbcc3b18c7c52c6647209edd2790804] RESPONSE GoBack
[1713979633.438][INFO]: [2fbcc3b18c7c52c6647209edd2790804] COMMAND FindElement {
   "using": "xpath",
   "value": "(//div[@class='truncate']/a)[5]"
}
[1713979633.438][INFO]: Waiting for pending navigations...
[1713979633.954][INFO]: Done waiting for pending navigations. Status: ok
[1713979635.738][INFO]: Waiting for pending navigations...
[1713979635.779][INFO]: Done waiting for pending navigations. Status: ok
[1713979635.779][INFO]: [2fbcc3b18c7c52c6647209edd2790804] RESPONSE FindElement {
   "element-6066-11e4-a52e-4f735466cecf": "f.0A49922E29339A00EE0C6F0B97282E20.d.DFFB5494A785AB1A3604BEEA18384647.e.205"
}
[1713979635.787][INFO]: [2fbcc3b18c7c52c6647209edd2790804] COMMAND GetElementText {
   "id": "f.0A49922E29339A00EE0C6F0B97282E20.d.DFFB5494A785AB1A3604BEEA18384647.e.205"
}
[1713979635.787][INFO]: Waiting for pending navigations...
[1713979635.804][INFO]: Done waiting for pending navigations. Status: ok
[1713979636.628][INFO]: Waiting for pending navigations...
[1713979636.635][INFO]: Done waiting for pending navigations. Status: ok
[1713979636.635][INFO]: [2fbcc3b18c7c52c6647209edd2790804] RESPONSE GetElementText "4. Median of Two Sorted Arrays"
[1713979636.642][INFO]: [2fbcc3b18c7c52c6647209edd2790804] COMMAND ClickElement {
   "id": "f.0A49922E29339A00EE0C6F0B97282E20.d.DFFB5494A785AB1A3604BEEA18384647.e.205"
}
[1713979636.642][INFO]: Waiting for pending navigations...
[1713979636.651][INFO]: Done waiting for pending navigations. Status: ok
[1713979636.807][INFO]: Waiting for pending navigations...
[1713979638.518][INFO]: Done waiting for pending navigations. Status: ok
[1713979638.518][INFO]: [2fbcc3b18c7c52c6647209edd2790804] RESPONSE ClickElement
[1713979643.539][INFO]: [2fbcc3b18c7c52c6647209edd2790804] COMMAND GetTitle {
}
[1713979643.539][INFO]: Waiting for pending navigations...
[1713979643.542][INFO]: Done waiting for pending navigations. Status: ok
[1713979643.551][INFO]: Waiting for pending navigations...
[1713979643.553][INFO]: Done waiting for pending navigations. Status: ok
[1713979643.553][INFO]: [2fbcc3b18c7c52c6647209edd2790804] RESPONSE GetTitle "Median of Two Sorted Arrays - LeetCode"
[1713979653.569][INFO]: [2fbcc3b18c7c52c6647209edd2790804] COMMAND GoBack {
}
[1713979653.569][INFO]: Waiting for pending navigations...
[1713979653.572][INFO]: Done waiting for pending navigations. Status: ok
[1713979653.596][INFO]: Waiting for pending navigations...
[1713979655.878][INFO]: Done waiting for pending navigations. Status: ok
[1713979655.878][INFO]: [2fbcc3b18c7c52c6647209edd2790804] RESPONSE GoBack
[1713979655.886][INFO]: [2fbcc3b18c7c52c6647209edd2790804] COMMAND FindElement {
   "using": "xpath",
   "value": "(//div[@class='truncate']/a)[6]"
}
[1713979655.887][INFO]: Waiting for pending navigations...
[1713979656.228][INFO]: Done waiting for pending navigations. Status: ok
[1713979659.321][INFO]: Waiting for pending navigations...
[1713979659.395][INFO]: Done waiting for pending navigations. Status: ok
[1713979659.395][INFO]: [2fbcc3b18c7c52c6647209edd2790804] RESPONSE FindElement {
   "element-6066-11e4-a52e-4f735466cecf": "f.0A49922E29339A00EE0C6F0B97282E20.d.5A21CEE52846049033C8F163E2B0076B.e.252"
}
[1713979659.401][INFO]: [2fbcc3b18c7c52c6647209edd2790804] COMMAND GetElementText {
   "id": "f.0A49922E29339A00EE0C6F0B97282E20.d.5A21CEE52846049033C8F163E2B0076B.e.252"
}
[1713979659.401][INFO]: Waiting for pending navigations...
[1713979659.407][INFO]: Done waiting for pending navigations. Status: ok
[1713979659.459][INFO]: Waiting for pending navigations...
[1713979659.552][INFO]: Done waiting for pending navigations. Status: ok
[1713979659.552][INFO]: [2fbcc3b18c7c52c6647209edd2790804] RESPONSE GetElementText "5. Longest Palindromic Substring"
[1713979659.560][INFO]: [2fbcc3b18c7c52c6647209edd2790804] COMMAND ClickElement {
   "id": "f.0A49922E29339A00EE0C6F0B97282E20.d.5A21CEE52846049033C8F163E2B0076B.e.252"
}
[1713979659.560][INFO]: Waiting for pending navigations...
[1713979659.584][INFO]: Done waiting for pending navigations. Status: ok
[1713979659.740][INFO]: Waiting for pending navigations...
[1713979661.678][INFO]: Done waiting for pending navigations. Status: ok
[1713979661.679][INFO]: [2fbcc3b18c7c52c6647209edd2790804] RESPONSE ClickElement
[1713979666.699][INFO]: [2fbcc3b18c7c52c6647209edd2790804] COMMAND GetTitle {
}
[1713979666.699][INFO]: Waiting for pending navigations...
[1713979666.702][INFO]: Done waiting for pending navigations. Status: ok
[1713979666.715][INFO]: Waiting for pending navigations...
[1713979666.718][INFO]: Done waiting for pending navigations. Status: ok
[1713979666.718][INFO]: [2fbcc3b18c7c52c6647209edd2790804] RESPONSE GetTitle "Longest Palindromic Substring - LeetCode"
[1713979676.740][INFO]: [2fbcc3b18c7c52c6647209edd2790804] COMMAND Navigate {
   "url": "https://www.leetcode.com/"
}
[1713979676.740][INFO]: Waiting for pending navigations...
[1713979676.742][INFO]: Done waiting for pending navigations. Status: ok
[1713979678.137][INFO]: Waiting for pending navigations...
[1713979681.777][INFO]: Done waiting for pending navigations. Status: ok
[1713979681.777][INFO]: [2fbcc3b18c7c52c6647209edd2790804] RESPONSE Navigate
[1713979681.783][INFO]: [2fbcc3b18c7c52c6647209edd2790804] COMMAND FindElement {
   "using": "xpath",
   "value": "//a/p[text() ='View Questions ']"
}
[1713979681.783][INFO]: Waiting for pending navigations...
[1713979681.784][INFO]: Done waiting for pending navigations. Status: ok
[1713979681.809][INFO]: Waiting for pending navigations...
[1713979681.812][INFO]: Done waiting for pending navigations. Status: ok
[1713979681.812][INFO]: [2fbcc3b18c7c52c6647209edd2790804] RESPONSE FindElement {
   "element-6066-11e4-a52e-4f735466cecf": "f.0A49922E29339A00EE0C6F0B97282E20.d.3C3D8C276397CEEA73E61F7250E78D0B.e.291"
}
[1713979681.819][INFO]: [2fbcc3b18c7c52c6647209edd2790804] COMMAND ClickElement {
   "id": "f.0A49922E29339A00EE0C6F0B97282E20.d.3C3D8C276397CEEA73E61F7250E78D0B.e.291"
}
[1713979681.819][INFO]: Waiting for pending navigations...
[1713979681.821][INFO]: Done waiting for pending navigations. Status: ok
[1713979682.013][INFO]: Waiting for pending navigations...
[1713979684.701][INFO]: Done waiting for pending navigations. Status: ok
[1713979684.701][INFO]: [2fbcc3b18c7c52c6647209edd2790804] RESPONSE ClickElement
[1713979684.755][INFO]: [2fbcc3b18c7c52c6647209edd2790804] COMMAND FindElement {
   "using": "xpath",
   "value": "//a[text()='Two Sum']"
}
[1713979684.755][INFO]: Waiting for pending navigations...
[1713979685.073][INFO]: Done waiting for pending navigations. Status: ok
[1713979686.552][INFO]: Waiting for pending navigations...
[1713979686.562][INFO]: Done waiting for pending navigations. Status: ok
[1713979686.562][INFO]: [2fbcc3b18c7c52c6647209edd2790804] RESPONSE FindElement {
   "element-6066-11e4-a52e-4f735466cecf": "f.0A49922E29339A00EE0C6F0B97282E20.d.5FF8EF2AE1488020D5996EDCF17D7BAC.e.312"
}
[1713979686.568][INFO]: [2fbcc3b18c7c52c6647209edd2790804] COMMAND ClickElement {
   "id": "f.0A49922E29339A00EE0C6F0B97282E20.d.5FF8EF2AE1488020D5996EDCF17D7BAC.e.312"
}
[1713979686.568][INFO]: Waiting for pending navigations...
[1713979686.596][INFO]: Done waiting for pending navigations. Status: ok
[1713979686.911][INFO]: Waiting for pending navigations...
[1713979688.330][INFO]: Done waiting for pending navigations. Status: ok
[1713979688.330][INFO]: [2fbcc3b18c7c52c6647209edd2790804] RESPONSE ClickElement
[1713979693.345][INFO]: [2fbcc3b18c7c52c6647209edd2790804] COMMAND GetUrl {
}
[1713979693.345][INFO]: Waiting for pending navigations...
[1713979693.354][INFO]: Done waiting for pending navigations. Status: ok
[1713979693.364][INFO]: Waiting for pending navigations...
[1713979693.366][INFO]: Done waiting for pending navigations. Status: ok
[1713979693.366][INFO]: [2fbcc3b18c7c52c6647209edd2790804] RESPONSE GetUrl "https://leetcode.com/problems/two-sum/description/"
[1713979693.377][INFO]: [2fbcc3b18c7c52c6647209edd2790804] COMMAND Navigate {
   "url": "https://www.leetcode.com/"
}
[1713979693.378][INFO]: Waiting for pending navigations...
[1713979693.380][INFO]: Done waiting for pending navigations. Status: ok
[1713979693.777][INFO]: Waiting for pending navigations...
[1713979698.892][INFO]: Done waiting for pending navigations. Status: ok
[1713979698.892][INFO]: [2fbcc3b18c7c52c6647209edd2790804] RESPONSE Navigate
[1713979698.902][INFO]: [2fbcc3b18c7c52c6647209edd2790804] COMMAND FindElement {
   "using": "xpath",
   "value": "//a/p[text() ='View Questions ']"
}
[1713979698.902][INFO]: Waiting for pending navigations...
[1713979698.905][INFO]: Done waiting for pending navigations. Status: ok
[1713979698.919][INFO]: Waiting for pending navigations...
[1713979698.920][INFO]: Done waiting for pending navigations. Status: ok
[1713979698.920][INFO]: [2fbcc3b18c7c52c6647209edd2790804] RESPONSE FindElement {
   "element-6066-11e4-a52e-4f735466cecf": "f.0A49922E29339A00EE0C6F0B97282E20.d.0E78EF43F61DEC1559D19678DC94BEA1.e.352"
}
[1713979698.925][INFO]: [2fbcc3b18c7c52c6647209edd2790804] COMMAND ClickElement {
   "id": "f.0A49922E29339A00EE0C6F0B97282E20.d.0E78EF43F61DEC1559D19678DC94BEA1.e.352"
}
[1713979698.925][INFO]: Waiting for pending navigations...
[1713979698.926][INFO]: Done waiting for pending navigations. Status: ok
[1713979699.126][INFO]: Waiting for pending navigations...
[1713979701.420][INFO]: Done waiting for pending navigations. Status: ok
[1713979701.420][INFO]: [2fbcc3b18c7c52c6647209edd2790804] RESPONSE ClickElement
[1713979701.438][INFO]: [2fbcc3b18c7c52c6647209edd2790804] COMMAND FindElement {
   "using": "xpath",
   "value": "//a[text()='Two Sum']"
}
[1713979701.438][INFO]: Waiting for pending navigations...
[1713979701.841][INFO]: Done waiting for pending navigations. Status: ok
[1713979703.411][INFO]: Waiting for pending navigations...
[1713979703.456][INFO]: Done waiting for pending navigations. Status: ok
[1713979703.456][INFO]: [2fbcc3b18c7c52c6647209edd2790804] RESPONSE FindElement {
   "element-6066-11e4-a52e-4f735466cecf": "f.0A49922E29339A00EE0C6F0B97282E20.d.0A00C1EB0DD3FCEA4D2FE7EB8877FD92.e.375"
}
[1713979703.462][INFO]: [2fbcc3b18c7c52c6647209edd2790804] COMMAND ClickElement {
   "id": "f.0A49922E29339A00EE0C6F0B97282E20.d.0A00C1EB0DD3FCEA4D2FE7EB8877FD92.e.375"
}
[1713979703.462][INFO]: Waiting for pending navigations...
[1713979703.469][INFO]: Done waiting for pending navigations. Status: ok
[1713979703.689][INFO]: Waiting for pending navigations...
[1713979705.762][INFO]: Done waiting for pending navigations. Status: ok
[1713979705.763][INFO]: [2fbcc3b18c7c52c6647209edd2790804] RESPONSE ClickElement
[1713979710.776][INFO]: [2fbcc3b18c7c52c6647209edd2790804] COMMAND FindElement {
   "using": "xpath",
   "value": "//div[@id ='submissions_tab']"
}
[1713979710.776][INFO]: Waiting for pending navigations...
[1713979710.784][INFO]: Done waiting for pending navigations. Status: ok
[1713979710.819][INFO]: Waiting for pending navigations...
[1713979710.821][INFO]: Done waiting for pending navigations. Status: ok
[1713979710.821][INFO]: [2fbcc3b18c7c52c6647209edd2790804] RESPONSE FindElement {
   "element-6066-11e4-a52e-4f735466cecf": "f.0A49922E29339A00EE0C6F0B97282E20.d.38E211BF628C0A697143A236CE425941.e.402"
}
[1713979710.831][INFO]: [2fbcc3b18c7c52c6647209edd2790804] COMMAND ClickElement {
   "id": "f.0A49922E29339A00EE0C6F0B97282E20.d.38E211BF628C0A697143A236CE425941.e.402"
}
[1713979710.831][INFO]: Waiting for pending navigations...
[1713979710.833][INFO]: Done waiting for pending navigations. Status: ok
[1713979711.167][INFO]: Waiting for pending navigations...
[1713979711.363][INFO]: Done waiting for pending navigations. Status: ok
[1713979711.363][INFO]: [2fbcc3b18c7c52c6647209edd2790804] RESPONSE ClickElement
[1713979716.402][INFO]: [2fbcc3b18c7c52c6647209edd2790804] COMMAND FindElement {
   "using": "xpath",
   "value": "//div[@class='flex w-full flex-col items-center gap-6']"
}
[1713979716.402][INFO]: Waiting for pending navigations...
[1713979716.404][INFO]: Done waiting for pending navigations. Status: ok
[1713979716.431][INFO]: Waiting for pending navigations...
[1713979716.433][INFO]: Done waiting for pending navigations. Status: ok
[1713979716.433][INFO]: [2fbcc3b18c7c52c6647209edd2790804] RESPONSE FindElement {
   "element-6066-11e4-a52e-4f735466cecf": "f.0A49922E29339A00EE0C6F0B97282E20.d.38E211BF628C0A697143A236CE425941.e.403"
}
[1713979716.439][INFO]: [2fbcc3b18c7c52c6647209edd2790804] COMMAND GetElementText {
   "id": "f.0A49922E29339A00EE0C6F0B97282E20.d.38E211BF628C0A697143A236CE425941.e.403"
}
[1713979716.439][INFO]: Waiting for pending navigations...
[1713979716.442][INFO]: Done waiting for pending navigations. Status: ok
[1713979716.475][INFO]: Waiting for pending navigations...
[1713979716.492][INFO]: Done waiting for pending navigations. Status: ok
[1713979716.492][INFO]: [2fbcc3b18c7c52c6647209edd2790804] RESPONSE GetElementText "🔥 Join LeetCode to Code!\nView your Submission records here\nRegister or Sign In"
[1713979716.537][INFO]: [2fbcc3b18c7c52c6647209edd2790804] COMMAND CloseWindow {
}
[1713979728.642][INFO]: [2fbcc3b18c7c52c6647209edd2790804] RESPONSE CloseWindow [  ]
